#
# A fatal error has been detected by the Java Runtime Environment:
#
#  EXCEPTION_ACCESS_VIOLATION (0xc0000005) at pc=0x0000000062224b78, pid=38196, tid=0x0000000000009560
#
# JRE version: Java(TM) SE Runtime Environment (8.0_161-b12) (build 1.8.0_161-b12)
# Java VM: Java HotSpot(TM) 64-Bit Server VM (25.161-b12 mixed mode windows-amd64 compressed oops)
# Problematic frame:
# V  [jvm.dll+0x114b78]
#
# Failed to write core dump. Minidumps are not enabled by default on client versions of Windows
#
# If you would like to submit a bug report, please visit:
#   http://bugreport.java.com/bugreport/crash.jsp
#

---------------  T H R E A D  ---------------

Current thread (0x0000000000597000):  GCTaskThread [stack: 0x0000000012230000,0x0000000012330000] [id=38240]

siginfo: ExceptionCode=0xc0000005, reading address 0xffffffffffffffff

Registers:
RAX=0x0000000012490000, RBX=0x0000000008000000, RCX=0x0000000000000000, RDX=0x0000000000000000
RSP=0x000000001232f880, RBP=0x00000000c166c300, RSI=0x0000000054f5ea80, RDI=0x0000000054f5ea80
R8 =0x007fffffffa3a000, R9 =0x0000000014638b68, R10=0x000000000000000c, R11=0x00000000627130a8
R12=0x00000000c166c304, R13=0x0000000014638fa8, R14=0x0000000014638fc0, R15=0x00000000c166c2f0
RIP=0x0000000062224b78, EFLAGS=0x0000000000010246

Top of Stack: (sp=0x000000001232f880)
0x000000001232f880:   0000000014638b68 00000000c17a222c
0x000000001232f890:   0000000054f5ea80 000000006232d8b2
0x000000001232f8a0:   0000000000000000 0000000000597530
0x000000001232f8b0:   0000000000591460 0000000054f5ea80
0x000000001232f8c0:   00000000000017d8 0000000062508990
0x000000001232f8d0:   0000000054f5ea80 000000001232f9e9
0x000000001232f8e0:   0000000054f5ea80 0000000062766dc8
0x000000001232f8f0:   0000000055690348 000000001232f9e9
0x000000001232f900:   0000000000000000 0000000000000004
0x000000001232f910:   0000000054f5ea80 0000000062223222
0x000000001232f920:   00000000c16db270 0000000000000000
0x000000001232f930:   0000000000000000 0000000000591460
0x000000001232f940:   0000000000597540 0000000000597530
0x000000001232f950:   0000000062766dc8 0000000054f5ea80
0x000000001232f960:   0000000000000000 000000001232f9e9
0x000000001232f970:   0000000054ea5540 0000000062505be0 

Instructions: (pc=0x0000000062224b78)
0x0000000062224b58:   05 03 ad 70 00 49 c1 e8 03 49 d3 e8 41 0f b6 c0
0x0000000062224b68:   49 c1 e8 06 24 3f 0f b6 d0 48 8b 05 18 ad 70 00
0x0000000062224b78:   4a 8b 0c c0 48 0f a3 d1 0f 82 59 01 00 00 0f b6
0x0000000062224b88:   15 54 b9 6f 00 84 d2 74 16 44 8b 43 08 8b 0d 0d 


Register to memory mapping:

RAX=0x0000000012490000 is an unknown value
RBX=0x0000000008000000 is an unknown value
RCX=0x0000000000000000 is an unknown value
RDX=0x0000000000000000 is an unknown value
RSP=0x000000001232f880 is an unknown value
RBP=0x00000000c166c300 is pointing into object: 0x00000000c166c2f0
java.lang.reflect.Method 
 - klass: 'java/lang/reflect/Method'
RSI=0x0000000054f5ea80 is an unknown value
RDI=0x0000000054f5ea80 is an unknown value
R8 =0x007fffffffa3a000 is an unknown value
R9 =0x0000000014638b68 is pointing into metadata
R10=0x000000000000000c is an unknown value
R11=0x00000000627130a8 is an unknown value
R12=0x00000000c166c304 is pointing into object: 0x00000000c166c2f0
java.lang.reflect.Method 
 - klass: 'java/lang/reflect/Method'
R13=0x0000000014638fa8 is pointing into metadata
R14=0x0000000014638fc0 is pointing into metadata
R15=0x00000000c166c2f0 is an oop
java.lang.reflect.Method 
 - klass: 'java/lang/reflect/Method'


Stack: [0x0000000012230000,0x0000000012330000],  sp=0x000000001232f880,  free space=1022k
Native frames: (J=compiled Java code, j=interpreted, Vv=VM code, C=native code)
V  [jvm.dll+0x114b78]
V  [jvm.dll+0x3f8990]
V  [jvm.dll+0x3f5be0]
V  [jvm.dll+0x3f380e]
V  [jvm.dll+0x29cc4a]
C  [msvcr100.dll+0x21d9f]
C  [msvcr100.dll+0x21e3b]
C  [kernel32.dll+0x159bd]
C  [ntdll.dll+0x2a2e1]


---------------  P R O C E S S  ---------------

Java Threads: ( => current thread )
  0x00000000597d4000 JavaThread "container-0" [_thread_blocked, id=38048, stack(0x0000000059060000,0x0000000059160000)]
  0x0000000059b10000 JavaThread "ContainerBackgroundProcessor[StandardEngine[Tomcat].StandardHost[localhost].StandardContext[]]" daemon [_thread_blocked, id=38056, stack(0x000000005d110000,0x000000005d210000)]
  0x00000000585df000 JavaThread "localhost-startStop-1" daemon [_thread_blocked, id=37948, stack(0x000000005d6d0000,0x000000005d7d0000)]
  0x000000005b94d800 JavaThread "Tomcat-startStop-1" daemon [_thread_blocked, id=37980, stack(0x000000005d530000,0x000000005d630000)]
  0x00000000584bf000 JavaThread "spring.cloud.inetutils" daemon [_thread_blocked, id=38468, stack(0x0000000058a50000,0x0000000058b50000)]
  0x000000005650e800 JavaThread "Service Thread" daemon [_thread_blocked, id=36648, stack(0x0000000057030000,0x0000000057130000)]
  0x00000000564ad000 JavaThread "C1 CompilerThread2" daemon [_thread_blocked, id=38292, stack(0x0000000056e90000,0x0000000056f90000)]
  0x000000005502f800 JavaThread "C2 CompilerThread1" daemon [_thread_blocked, id=36956, stack(0x0000000056d30000,0x0000000056e30000)]
  0x000000005502a000 JavaThread "C2 CompilerThread0" daemon [_thread_blocked, id=38144, stack(0x0000000056b20000,0x0000000056c20000)]
  0x0000000055028000 JavaThread "Attach Listener" daemon [_thread_blocked, id=38320, stack(0x0000000056280000,0x0000000056380000)]
  0x00000000564a9000 JavaThread "Signal Dispatcher" daemon [_thread_blocked, id=38336, stack(0x0000000056990000,0x0000000056a90000)]
  0x0000000055010800 JavaThread "Finalizer" daemon [_thread_blocked, id=38340, stack(0x00000000563a0000,0x00000000564a0000)]
  0x0000000054fc9800 JavaThread "Reference Handler" daemon [_thread_blocked, id=38380, stack(0x0000000056170000,0x0000000056270000)]
  0x000000000057d800 JavaThread "main" [_thread_blocked, id=38248, stack(0x0000000002450000,0x0000000002550000)]

Other Threads:
  0x0000000054fc2000 VMThread [stack: 0x0000000055f40000,0x0000000056040000] [id=37620]
  0x000000005656f000 WatcherThread [stack: 0x0000000057150000,0x0000000057250000] [id=36348]

=>0x0000000000597000 (exited) GCTaskThread [stack: 0x0000000012230000,0x0000000012330000] [id=38240]

VM state:at safepoint (normal execution)

VM Mutex/Monitor currently owned by a thread:  ([mutex/lock_event])
[0x000000000057ba80] Threads_lock - owner thread: 0x0000000054fc2000
[0x000000000057bf80] Heap_lock - owner thread: 0x000000000057d800

Heap:
 PSYoungGen      total 234496K, used 11773K [0x00000000eaf00000, 0x00000000ff600000, 0x0000000100000000)
  eden space 222720K, 0% used [0x00000000eaf00000,0x00000000eaf00000,0x00000000f8880000)
  from space 11776K, 99% used [0x00000000f8880000,0x00000000f93ff600,0x00000000f9400000)
  to   space 15360K, 0% used [0x00000000fe700000,0x00000000fe700000,0x00000000ff600000)
 ParOldGen       total 40448K, used 17061K [0x00000000c0c00000, 0x00000000c3380000, 0x00000000eaf00000)
  object space 40448K, 42% used [0x00000000c0c00000,0x00000000c1ca9770,0x00000000c3380000)
 Metaspace       used 34969K, capacity 35262K, committed 35416K, reserved 1081344K
  class space    used 4394K, capacity 4468K, committed 4480K, reserved 1048576K

Card table byte_map: [0x0000000011be0000,0x0000000011de0000] byte_map_base: 0x00000000115da000

Marking Bits: (ParMarkBitMap*) 0x000000006292f860
 Begin Bits: [0x0000000012490000, 0x0000000013460000)
 End Bits:   [0x0000000013460000, 0x0000000014430000)

Polling page: 0x0000000000420000

CodeCache: size=245760Kb used=12597Kb max_used=12597Kb free=233162Kb
 bounds [0x0000000002820000, 0x0000000003490000, 0x0000000011820000]
 total_blobs=3735 nmethods=3296 adapters=351
 compilation: enabled

Compilation events (10 events):
Event: 20.864 Thread 0x00000000564ad000 3893       3       java.util.regex.Pattern$BranchConn::match (11 bytes)
Event: 20.865 Thread 0x00000000564ad000 nmethod 3893 0x0000000002a22b50 code [0x0000000002a22cc0, 0x0000000002a22ee8]
Event: 20.867 Thread 0x00000000564ad000 3894       3       java.util.Formatter$FormatSpecifier::<init> (246 bytes)
Event: 20.872 Thread 0x00000000564ad000 nmethod 3894 0x0000000002c4e8d0 code [0x0000000002c4ec00, 0x0000000002c4fe98]
Event: 20.872 Thread 0x00000000564ad000 3895       3       java.util.Formatter$Conversion::isValid (47 bytes)
Event: 20.873 Thread 0x00000000564ad000 nmethod 3895 0x0000000002d6a810 code [0x0000000002d6a9a0, 0x0000000002d6ade8]
Event: 20.873 Thread 0x00000000564ad000 3896       3       java.util.Formatter$FormatSpecifier::print (243 bytes)
Event: 20.875 Thread 0x00000000564ad000 nmethod 3896 0x0000000002d57890 code [0x0000000002d57ae0, 0x0000000002d583a8]
Event: 20.876 Thread 0x00000000564ad000 3897       3       java.util.Formatter$FormatSpecifier::justify (105 bytes)
Event: 20.879 Thread 0x00000000564ad000 nmethod 3897 0x0000000002938a10 code [0x0000000002938cc0, 0x000000000293a138]

GC Heap History (10 events):
Event: 6.831 GC heap after
Heap after GC invocations=6 (full 0):
 PSYoungGen      total 141312K, used 2883K [0x00000000eaf00000, 0x00000000f4300000, 0x0000000100000000)
  eden space 131072K, 0% used [0x00000000eaf00000,0x00000000eaf00000,0x00000000f2f00000)
  from space 10240K, 28% used [0x00000000f3900000,0x00000000f3bd0c10,0x00000000f4300000)
  to   space 10240K, 0% used [0x00000000f2f00000,0x00000000f2f00000,0x00000000f3900000)
 ParOldGen       total 44032K, used 15505K [0x00000000c0c00000, 0x00000000c3700000, 0x00000000eaf00000)
  object space 44032K, 35% used [0x00000000c0c00000,0x00000000c1b244e0,0x00000000c3700000)
 Metaspace       used 20926K, capacity 21082K, committed 21248K, reserved 1067008K
  class space    used 2659K, capacity 2718K, committed 2816K, reserved 1048576K
}
Event: 6.831 GC heap before
{Heap before GC invocations=7 (full 1):
 PSYoungGen      total 141312K, used 2883K [0x00000000eaf00000, 0x00000000f4300000, 0x0000000100000000)
  eden space 131072K, 0% used [0x00000000eaf00000,0x00000000eaf00000,0x00000000f2f00000)
  from space 10240K, 28% used [0x00000000f3900000,0x00000000f3bd0c10,0x00000000f4300000)
  to   space 10240K, 0% used [0x00000000f2f00000,0x00000000f2f00000,0x00000000f3900000)
 ParOldGen       total 44032K, used 15505K [0x00000000c0c00000, 0x00000000c3700000, 0x00000000eaf00000)
  object space 44032K, 35% used [0x00000000c0c00000,0x00000000c1b244e0,0x00000000c3700000)
 Metaspace       used 20926K, capacity 21082K, committed 21248K, reserved 1067008K
  class space    used 2659K, capacity 2718K, committed 2816K, reserved 1048576K
Event: 6.956 GC heap after
Heap after GC invocations=7 (full 1):
 PSYoungGen      total 141312K, used 0K [0x00000000eaf00000, 0x00000000f4300000, 0x0000000100000000)
  eden space 131072K, 0% used [0x00000000eaf00000,0x00000000eaf00000,0x00000000f2f00000)
  from space 10240K, 0% used [0x00000000f3900000,0x00000000f3900000,0x00000000f4300000)
  to   space 10240K, 0% used [0x00000000f2f00000,0x00000000f2f00000,0x00000000f3900000)
 ParOldGen       total 40448K, used 12353K [0x00000000c0c00000, 0x00000000c3380000, 0x00000000eaf00000)
  object space 40448K, 30% used [0x00000000c0c00000,0x00000000c18107d8,0x00000000c3380000)
 Metaspace       used 20926K, capacity 21082K, committed 21248K, reserved 1067008K
  class space    used 2659K, capacity 2718K, committed 2816K, reserved 1048576K
}
Event: 10.321 GC heap before
{Heap before GC invocations=8 (full 1):
 PSYoungGen      total 141312K, used 131072K [0x00000000eaf00000, 0x00000000f4300000, 0x0000000100000000)
  eden space 131072K, 100% used [0x00000000eaf00000,0x00000000f2f00000,0x00000000f2f00000)
  from space 10240K, 0% used [0x00000000f3900000,0x00000000f3900000,0x00000000f4300000)
  to   space 10240K, 0% used [0x00000000f2f00000,0x00000000f2f00000,0x00000000f3900000)
 ParOldGen       total 40448K, used 12353K [0x00000000c0c00000, 0x00000000c3380000, 0x00000000eaf00000)
  object space 40448K, 30% used [0x00000000c0c00000,0x00000000c18107d8,0x00000000c3380000)
 Metaspace       used 23481K, capacity 23736K, committed 23936K, reserved 1071104K
  class space    used 2993K, capacity 3075K, committed 3200K, reserved 1048576K
Event: 10.372 GC heap after
Heap after GC invocations=8 (full 1):
 PSYoungGen      total 141312K, used 6739K [0x00000000eaf00000, 0x00000000f9f80000, 0x0000000100000000)
  eden space 131072K, 0% used [0x00000000eaf00000,0x00000000eaf00000,0x00000000f2f00000)
  from space 10240K, 65% used [0x00000000f2f00000,0x00000000f3594f30,0x00000000f3900000)
  to   space 10240K, 0% used [0x00000000f9580000,0x00000000f9580000,0x00000000f9f80000)
 ParOldGen       total 40448K, used 12361K [0x00000000c0c00000, 0x00000000c3380000, 0x00000000eaf00000)
  object space 40448K, 30% used [0x00000000c0c00000,0x00000000c18127d8,0x00000000c3380000)
 Metaspace       used 23481K, capacity 23736K, committed 23936K, reserved 1071104K
  class space    used 2993K, capacity 3075K, committed 3200K, reserved 1048576K
}
Event: 14.211 GC heap before
{Heap before GC invocations=9 (full 1):
 PSYoungGen      total 141312K, used 137811K [0x00000000eaf00000, 0x00000000f9f80000, 0x0000000100000000)
  eden space 131072K, 100% used [0x00000000eaf00000,0x00000000f2f00000,0x00000000f2f00000)
  from space 10240K, 65% used [0x00000000f2f00000,0x00000000f3594f30,0x00000000f3900000)
  to   space 10240K, 0% used [0x00000000f9580000,0x00000000f9580000,0x00000000f9f80000)
 ParOldGen       total 40448K, used 12361K [0x00000000c0c00000, 0x00000000c3380000, 0x00000000eaf00000)
  object space 40448K, 30% used [0x00000000c0c00000,0x00000000c18127d8,0x00000000c3380000)
 Metaspace       used 26929K, capacity 27232K, committed 27392K, reserved 1073152K
  class space    used 3465K, capacity 3567K, committed 3584K, reserved 1048576K
Event: 14.258 GC heap after
Heap after GC invocations=9 (full 1):
 PSYoungGen      total 230400K, used 10226K [0x00000000eaf00000, 0x00000000f9f80000, 0x0000000100000000)
  eden space 220160K, 0% used [0x00000000eaf00000,0x00000000eaf00000,0x00000000f8600000)
  from space 10240K, 99% used [0x00000000f9580000,0x00000000f9f7c860,0x00000000f9f80000)
  to   space 11776K, 0% used [0x00000000f8880000,0x00000000f8880000,0x00000000f9400000)
 ParOldGen       total 40448K, used 12938K [0x00000000c0c00000, 0x00000000c3380000, 0x00000000eaf00000)
  object space 40448K, 31% used [0x00000000c0c00000,0x00000000c18a2958,0x00000000c3380000)
 Metaspace       used 26929K, capacity 27232K, committed 27392K, reserved 1073152K
  class space    used 3465K, capacity 3567K, committed 3584K, reserved 1048576K
}
Event: 20.894 GC heap before
{Heap before GC invocations=10 (full 1):
 PSYoungGen      total 230400K, used 205135K [0x00000000eaf00000, 0x00000000f9f80000, 0x0000000100000000)
  eden space 220160K, 88% used [0x00000000eaf00000,0x00000000f6d576a0,0x00000000f8600000)
  from space 10240K, 99% used [0x00000000f9580000,0x00000000f9f7c860,0x00000000f9f80000)
  to   space 11776K, 0% used [0x00000000f8880000,0x00000000f8880000,0x00000000f9400000)
 ParOldGen       total 40448K, used 12938K [0x00000000c0c00000, 0x00000000c3380000, 0x00000000eaf00000)
  object space 40448K, 31% used [0x00000000c0c00000,0x00000000c18a2958,0x00000000c3380000)
 Metaspace       used 34969K, capacity 35262K, committed 35416K, reserved 1081344K
  class space    used 4394K, capacity 4468K, committed 4480K, reserved 1048576K
Event: 20.968 GC heap after
Heap after GC invocations=10 (full 1):
 PSYoungGen      total 234496K, used 11773K [0x00000000eaf00000, 0x00000000ff600000, 0x0000000100000000)
  eden space 222720K, 0% used [0x00000000eaf00000,0x00000000eaf00000,0x00000000f8880000)
  from space 11776K, 99% used [0x00000000f8880000,0x00000000f93ff600,0x00000000f9400000)
  to   space 15360K, 0% used [0x00000000fe700000,0x00000000fe700000,0x00000000ff600000)
 ParOldGen       total 40448K, used 17061K [0x00000000c0c00000, 0x00000000c3380000, 0x00000000eaf00000)
  object space 40448K, 42% used [0x00000000c0c00000,0x00000000c1ca9770,0x00000000c3380000)
 Metaspace       used 34969K, capacity 35262K, committed 35416K, reserved 1081344K
  class space    used 4394K, capacity 4468K, committed 4480K, reserved 1048576K
}
Event: 20.968 GC heap before
{Heap before GC invocations=11 (full 2):
 PSYoungGen      total 234496K, used 11773K [0x00000000eaf00000, 0x00000000ff600000, 0x0000000100000000)
  eden space 222720K, 0% used [0x00000000eaf00000,0x00000000eaf00000,0x00000000f8880000)
  from space 11776K, 99% used [0x00000000f8880000,0x00000000f93ff600,0x00000000f9400000)
  to   space 15360K, 0% used [0x00000000fe700000,0x00000000fe700000,0x00000000ff600000)
 ParOldGen       total 40448K, used 17061K [0x00000000c0c00000, 0x00000000c3380000, 0x00000000eaf00000)
  object space 40448K, 42% used [0x00000000c0c00000,0x00000000c1ca9770,0x00000000c3380000)
 Metaspace       used 34969K, capacity 35262K, committed 35416K, reserved 1081344K
  class space    used 4394K, capacity 4468K, committed 4480K, reserved 1048576K

Deoptimization events (10 events):
Event: 19.463 Thread 0x000000000057d800 Uncommon trap: reason=class_check action=maybe_recompile pc=0x0000000002e52804 method=org.springframework.util.StringUtils.hasLength(Ljava/lang/CharSequence;)Z @ 5
Event: 19.677 Thread 0x000000000057d800 Uncommon trap: reason=unstable_if action=reinterpret pc=0x0000000003010ba4 method=java.util.concurrent.ConcurrentHashMap.transfer([Ljava/util/concurrent/ConcurrentHashMap$Node;[Ljava/util/concurrent/ConcurrentHashMap$Node;)V @ 356
Event: 19.688 Thread 0x000000000057d800 Uncommon trap: reason=unstable_if action=reinterpret pc=0x0000000002afc5a0 method=org.springframework.beans.factory.support.DefaultSingletonBeanRegistry.getSingleton(Ljava/lang/String;Z)Ljava/lang/Object; @ 47
Event: 20.535 Thread 0x000000000057d800 Uncommon trap: reason=unstable_if action=reinterpret pc=0x0000000002a4c924 method=org.springframework.util.StringUtils.collectionToDelimitedString(Ljava/util/Collection;Ljava/lang/String;Ljava/lang/String;Ljava/lang/String;)Ljava/lang/String; @ 4
Event: 20.535 Thread 0x000000000057d800 Uncommon trap: reason=unstable_if action=reinterpret pc=0x0000000002be42d0 method=java.util.zip.ZipCoder.getBytes(Ljava/lang/String;)[B @ 32
Event: 20.538 Thread 0x000000000057d800 Uncommon trap: reason=unstable_if action=reinterpret pc=0x0000000002bda0bc method=java.util.zip.ZipCoder.getBytes(Ljava/lang/String;)[B @ 32
Event: 20.539 Thread 0x000000000057d800 Uncommon trap: reason=unstable_if action=reinterpret pc=0x0000000002bebabc method=java.util.zip.ZipCoder.getBytes(Ljava/lang/String;)[B @ 32
Event: 20.539 Thread 0x000000000057d800 Uncommon trap: reason=unstable_if action=reinterpret pc=0x0000000002bc1528 method=java.util.zip.ZipCoder.getBytes(Ljava/lang/String;)[B @ 32
Event: 20.539 Thread 0x000000000057d800 Uncommon trap: reason=unstable_if action=reinterpret pc=0x000000000318cdf8 method=java.net.URL.<init>(Ljava/net/URL;Ljava/lang/String;Ljava/net/URLStreamHandler;)V @ 57
Event: 20.539 Thread 0x000000000057d800 Uncommon trap: reason=unstable_if action=reinterpret pc=0x00000000032036d4 method=java.net.URLStreamHandler.parseURL(Ljava/net/URL;Ljava/lang/String;II)V @ 57

Classes redefined (0 events):
No events

Internal exceptions (10 events):
Event: 19.704 Thread 0x000000000057d800 Exception <a 'java/lang/ClassNotFoundException': java/lang/ObjectCustomizer> (0x00000000f58d2f68) thrown at [C:\re\workspace\8-2-build-windows-amd64-cygwin\jdk8u161\10277\hotspot\src\share\vm\classfile\systemDictionary.cpp, line 210]
Event: 19.706 Thread 0x000000000057d800 Exception <a 'java/lang/ClassNotFoundException': org/springframework/boot/autoconfigure/orm/jpa/JpaPropertiesCustomizer> (0x00000000f58fe5d8) thrown at [C:\re\workspace\8-2-build-windows-amd64-cygwin\jdk8u161\10277\hotspot\src\share\vm\classfile\systemDic
Event: 20.211 Thread 0x000000000057d800 Exception <a 'java/lang/ClassNotFoundException': java/lang/ObjectCustomizer> (0x00000000f5d5fa50) thrown at [C:\re\workspace\8-2-build-windows-amd64-cygwin\jdk8u161\10277\hotspot\src\share\vm\classfile\systemDictionary.cpp, line 210]
Event: 20.213 Thread 0x000000000057d800 Exception <a 'java/lang/ClassNotFoundException': org/springframework/orm/jpa/vendor/AbstractJpaVendorAdapterCustomizer> (0x00000000f5d8b618) thrown at [C:\re\workspace\8-2-build-windows-amd64-cygwin\jdk8u161\10277\hotspot\src\share\vm\classfile\systemDict
Event: 20.216 Thread 0x000000000057d800 Exception <a 'java/lang/ClassNotFoundException': org/springframework/orm/jpa/vendor/HibernateJpaVendorAdapterCustomizer> (0x00000000f5dc0f00) thrown at [C:\re\workspace\8-2-build-windows-amd64-cygwin\jdk8u161\10277\hotspot\src\share\vm\classfile\systemDic
Event: 20.225 Thread 0x000000000057d800 Exception <a 'java/lang/ClassNotFoundException': java/lang/ObjectCustomizer> (0x00000000f5e01300) thrown at [C:\re\workspace\8-2-build-windows-amd64-cygwin\jdk8u161\10277\hotspot\src\share\vm\classfile\systemDictionary.cpp, line 210]
Event: 20.226 Thread 0x000000000057d800 Exception <a 'java/lang/ClassNotFoundException': org/springframework/boot/orm/jpa/EntityManagerFactoryBuilderCustomizer> (0x00000000f5e2c670) thrown at [C:\re\workspace\8-2-build-windows-amd64-cygwin\jdk8u161\10277\hotspot\src\share\vm\classfile\systemDic
Event: 20.484 Thread 0x000000000057d800 Exception <a 'java/lang/ClassNotFoundException': java/lang/ObjectCustomizer> (0x00000000f612b8c0) thrown at [C:\re\workspace\8-2-build-windows-amd64-cygwin\jdk8u161\10277\hotspot\src\share\vm\classfile\systemDictionary.cpp, line 210]
Event: 20.486 Thread 0x000000000057d800 Exception <a 'java/lang/ClassNotFoundException': org/springframework/orm/jpa/AbstractEntityManagerFactoryBeanCustomizer> (0x00000000f6156b70) thrown at [C:\re\workspace\8-2-build-windows-amd64-cygwin\jdk8u161\10277\hotspot\src\share\vm\classfile\systemDic
Event: 20.490 Thread 0x000000000057d800 Exception <a 'java/lang/ClassNotFoundException': org/springframework/orm/jpa/LocalContainerEntityManagerFactoryBeanCustomizer> (0x00000000f61acf18) thrown at [C:\re\workspace\8-2-build-windows-amd64-cygwin\jdk8u161\10277\hotspot\src\share\vm\classfile\sys

Events (10 events):
Event: 20.886 loading class org/hibernate/dialect/PostgreSQL82Dialect done
Event: 20.887 loading class org/hibernate/dialect/PostgreSQL81Dialect
Event: 20.887 loading class org/hibernate/dialect/PostgreSQL81Dialect done
Event: 20.891 loading class org/hibernate/dialect/PostgreSQL9Dialect
Event: 20.891 loading class org/hibernate/dialect/PostgreSQL9Dialect done
Event: 20.892 loading class org/hibernate/dialect/ProgressDialect
Event: 20.892 loading class org/hibernate/dialect/ProgressDialect done
Event: 20.893 loading class org/hibernate/dialect/SAPDBDialect
Event: 20.893 loading class org/hibernate/dialect/SAPDBDialect done
Event: 20.894 Executing VM operation: CollectForMetadataAllocation


Dynamic libraries:
0x000000013f300000 - 0x000000013f337000 	C:\Program Files\Java\jre1.8.0_161\bin\javaw.exe
0x0000000077c40000 - 0x0000000077dea000 	C:\Windows\SYSTEM32\ntdll.dll
0x0000000077a20000 - 0x0000000077b3f000 	C:\Windows\system32\kernel32.dll
0x000007fefdbc0000 - 0x000007fefdc2a000 	C:\Windows\system32\KERNELBASE.dll
0x000007feffe60000 - 0x000007fefff3b000 	C:\Windows\system32\ADVAPI32.dll
0x000007fefeb60000 - 0x000007fefebff000 	C:\Windows\system32\msvcrt.dll
0x000007feff910000 - 0x000007feff92f000 	C:\Windows\SYSTEM32\sechost.dll
0x000007feff3a0000 - 0x000007feff4cd000 	C:\Windows\system32\RPCRT4.dll
0x0000000077b40000 - 0x0000000077c3a000 	C:\Windows\system32\USER32.dll
0x000007feff9b0000 - 0x000007feffa17000 	C:\Windows\system32\GDI32.dll
0x000007fefff40000 - 0x000007fefff4e000 	C:\Windows\system32\LPK.dll
0x000007feff2d0000 - 0x000007feff39a000 	C:\Windows\system32\USP10.dll
0x000007fefbe10000 - 0x000007fefc004000 	C:\Windows\WinSxS\amd64_microsoft.windows.common-controls_6595b64144ccf1df_6.0.7601.18837_none_fa3b1e3d17594757\COMCTL32.dll
0x000007feffa20000 - 0x000007feffa91000 	C:\Windows\system32\SHLWAPI.dll
0x000007fefeb30000 - 0x000007fefeb5e000 	C:\Windows\system32\IMM32.DLL
0x000007feff1c0000 - 0x000007feff2c9000 	C:\Windows\system32\MSCTF.dll
0x0000000063950000 - 0x0000000063a22000 	C:\Program Files\Java\jre1.8.0_161\bin\msvcr100.dll
0x0000000062110000 - 0x00000000629af000 	C:\Program Files\Java\jre1.8.0_161\bin\server\jvm.dll
0x000007fef8a30000 - 0x000007fef8a39000 	C:\Windows\system32\WSOCK32.dll
0x000007feff8c0000 - 0x000007feff90d000 	C:\Windows\system32\WS2_32.dll
0x000007feffe50000 - 0x000007feffe58000 	C:\Windows\system32\NSI.dll
0x000007fefc010000 - 0x000007fefc04b000 	C:\Windows\system32\WINMM.dll
0x000007fefca90000 - 0x000007fefca9c000 	C:\Windows\system32\VERSION.dll
0x0000000077e10000 - 0x0000000077e17000 	C:\Windows\system32\PSAPI.DLL
0x000000006acd0000 - 0x000000006acdf000 	C:\Program Files\Java\jre1.8.0_161\bin\verify.dll
0x0000000063920000 - 0x0000000063949000 	C:\Program Files\Java\jre1.8.0_161\bin\java.dll
0x0000000063900000 - 0x0000000063916000 	C:\Program Files\Java\jre1.8.0_161\bin\zip.dll
0x000007fefdda0000 - 0x000007fefeb29000 	C:\Windows\system32\SHELL32.dll
0x000007feff6b0000 - 0x000007feff8b3000 	C:\Windows\system32\ole32.dll
0x000007fefd9c0000 - 0x000007fefd9cf000 	C:\Windows\system32\profapi.dll
0x00000000638e0000 - 0x00000000638fa000 	C:\Program Files\Java\jre1.8.0_161\bin\net.dll
0x000007fefd160000 - 0x000007fefd1b5000 	C:\Windows\system32\mswsock.dll
0x000007fefd150000 - 0x000007fefd157000 	C:\Windows\System32\wship6.dll
0x000007fefae00000 - 0x000007fefae27000 	C:\Windows\system32\IPHLPAPI.DLL
0x000007fefadf0000 - 0x000007fefadfb000 	C:\Windows\system32\WINNSI.DLL
0x000007fefab70000 - 0x000007fefab88000 	C:\Windows\system32\dhcpcsvc.DLL
0x000007fefab50000 - 0x000007fefab61000 	C:\Windows\system32\dhcpcsvc6.DLL
0x000007fefcfd0000 - 0x000007fefd02b000 	C:\Windows\system32\DNSAPI.dll
0x0000000075670000 - 0x0000000075696000 	C:\Program Files\Bonjour\mdnsNSP.dll
0x000007fefcb80000 - 0x000007fefcb87000 	C:\Windows\System32\wshtcpip.dll
0x000007fefa150000 - 0x000007fefa158000 	C:\Windows\system32\rasadhlp.dll
0x000007fefac60000 - 0x000007fefacb3000 	C:\Windows\System32\fwpuclnt.dll
0x0000000063870000 - 0x000000006387d000 	C:\Program Files\Java\jre1.8.0_161\bin\management.dll
0x000007fefb180000 - 0x000007fefb195000 	C:\Windows\system32\NLAapi.dll
0x000007fef6e60000 - 0x000007fef6e75000 	C:\Windows\system32\napinsp.dll
0x000007fef45a0000 - 0x000007fef45b9000 	C:\Windows\system32\pnrpnsp.dll
0x000007fef4590000 - 0x000007fef45a0000 	C:\Windows\system32\wshbth.dll
0x000007fef3bf0000 - 0x000007fef3bfb000 	C:\Windows\System32\winrnr.dll
0x00000000638c0000 - 0x00000000638d1000 	C:\Program Files\Java\jre1.8.0_161\bin\nio.dll
0x000007fefd1c0000 - 0x000007fefd1d8000 	C:\Windows\system32\CRYPTSP.dll
0x000007fefceb0000 - 0x000007fefcef7000 	C:\Windows\system32\rsaenh.dll
0x000007fefdc30000 - 0x000007fefdc4e000 	C:\Windows\system32\USERENV.dll
0x000007fefd860000 - 0x000007fefd86f000 	C:\Windows\system32\CRYPTBASE.dll
0x000007fefc340000 - 0x000007fefc465000 	C:\Windows\system32\dbghelp.dll

VM Arguments:
jvm_args: -Dfile.encoding=UTF-8 
java_command: com.globomart.ProductCatalogueServiceApplication
java_class_path (initial): C:\Program Files\Java\jre1.8.0_161\lib\resources.jar;C:\Program Files\Java\jre1.8.0_161\lib\rt.jar;C:\Program Files\Java\jre1.8.0_161\lib\jsse.jar;C:\Program Files\Java\jre1.8.0_161\lib\jce.jar;C:\Program Files\Java\jre1.8.0_161\lib\charsets.jar;C:\Program Files\Java\jre1.8.0_161\lib\jfr.jar;C:\Program Files\Java\jre1.8.0_161\lib\ext\access-bridge-64.jar;C:\Program Files\Java\jre1.8.0_161\lib\ext\cldrdata.jar;C:\Program Files\Java\jre1.8.0_161\lib\ext\dnsns.jar;C:\Program Files\Java\jre1.8.0_161\lib\ext\jaccess.jar;C:\Program Files\Java\jre1.8.0_161\lib\ext\jfxrt.jar;C:\Program Files\Java\jre1.8.0_161\lib\ext\localedata.jar;C:\Program Files\Java\jre1.8.0_161\lib\ext\nashorn.jar;C:\Program Files\Java\jre1.8.0_161\lib\ext\sunec.jar;C:\Program Files\Java\jre1.8.0_161\lib\ext\sunjce_provider.jar;C:\Program Files\Java\jre1.8.0_161\lib\ext\sunmscapi.jar;C:\Program Files\Java\jre1.8.0_161\lib\ext\sunpkcs11.jar;C:\Program Files\Java\jre1.8.0_161\lib\ext\zipfs.jar;D:\workspace\globoMart\productCatalogueService\target\classes;C:\Users\Admin\.m2\repository\org\springframework\cloud\spring-cloud-config-client\1.1.0.RELEASE\spring-cloud-config-client-1.1.0.RELEASE.jar;C:\Users\Admin\.m2\repository\org\springframework\boot\spring-boot-autoconfigure\1.3.5.RELEASE\spring-boot-autoconfigure-1.3.5.RELEASE.jar;C:\Users\Admin\.m2\repository\org\springframework\boot\spring-boot\1.3.5.RELEASE\spring-boot-1.3.5.RELEASE.jar;C:\Users\Admin\.m2\repository\org\springframework\cloud\spring-cloud-commons\1.1.0.RELEASE\spring-cloud-commons-1.1.0.RELEASE.jar;C:\Users\Admin\.m2\repository\org\springframework\security\spring-security-crypto\4.0.4.RELEASE\spring-security-crypto-4.0.4.RELEASE.jar;C:\Users\Admin\.m2\repository\org\springframework\cloud\spring-cloud-context\1.1.0.RELEASE\spring-cloud-context-1.1.0.RELEASE.jar;C:\Users\Admin\.m2\repository\org\springframework\spring-web\4.2.6.RELEASE\spring-web-4.2.6.RELEASE.jar;C:\Users\Admin\.m2\repository\org\springframew
Launcher Type: SUN_STANDARD

Environment Variables:
JAVA_HOME=C:\Program Files\Java\jdk1.8.0_161
JRE_HOME=C:\Program Files\Java\jdk1.8.0_161\jre
CLASSPATH=.;C:\Program Files\Java\jdk1.8.0_161\lib;C:\Program Files\Java\jdk1.8.0_161\jre\lib
PATH=C:\ProgramData\Oracle\Java\javapath;C:\Windows\system32;C:\Windows;C:\Windows\System32\Wbem;C:\Windows\System32\WindowsPowerShell\v1.0\;C:\Program Files (x86)\Skype\Phone\;C:\Program Files\Java\jdk1.8.0_161\bin;D:\apache-maven-3.5.2\bin;C:\Program Files\Git\cmd
USERNAME=Admin
OS=Windows_NT
PROCESSOR_IDENTIFIER=Intel64 Family 6 Model 42 Stepping 7, GenuineIntel



---------------  S Y S T E M  ---------------

OS: Windows 7 , 64 bit Build 7601 (6.1.7601.23418)

CPU:total 4 (initial active 4) (2 cores per cpu, 2 threads per core) family 6 model 42 stepping 7, cmov, cx8, fxsr, mmx, sse, sse2, sse3, ssse3, sse4.1, sse4.2, popcnt, avx, clmul, ht, tsc, tscinvbit

Memory: 4k page, physical 4140912k(594928k free), swap 8279964k(3673040k free)

vm_info: Java HotSpot(TM) 64-Bit Server VM (25.161-b12) for windows-amd64 JRE (1.8.0_161-b12), built on Dec 19 2017 17:52:25 by "java_re" with MS VC++ 10.0 (VS2010)

time: Thu Mar 08 12:40:21 2018
elapsed time: 21 seconds (0d 0h 0m 21s)

